-- The C compiler identification is GNU 11.3.0
-- The CXX compiler identification is GNU 11.3.0
-- Detecting C compiler ABI info
-- Detecting C compiler ABI info - done
-- Check for working C compiler: /usr/bin/cc - skipped
-- Detecting C compile features
-- Detecting C compile features - done
-- Detecting CXX compiler ABI info
-- Detecting CXX compiler ABI info - done
-- Check for working CXX compiler: /usr/bin/c++ - skipped
-- Detecting CXX compile features
-- Detecting CXX compile features - done
-- Found ament_cmake: 1.3.4 (/opt/ros/humble/share/ament_cmake/cmake)
-- Found Python3: /usr/bin/python3.10 (found version "3.10.6") found components: Interpreter 
-- Override CMake install command with custom implementation using symlinks instead of copying resources
-- Found ament_lint_auto: 0.12.6 (/opt/ros/humble/share/ament_lint_auto/cmake)
-- Added test 'flake8' to check Python code syntax and style conventions
-- Added test 'lint_cmake' to check CMake code style
-- Added test 'pep257' to check Python code against some of the docstring style conventions in PEP 257
-- Added test 'xmllint' to check XML markup files
-- Configuring done (0.5s)
-- Generating done (0.0s)
-- Build files have been written to: /home/ms/ros_urdf/build/ros_urdf
-- Install configuration: ""
-- Installing: /home/ms/ros_urdf/install/ros_urdf/share/ros_urdf/launch
-- Installing: /home/ms/ros_urdf/install/ros_urdf/share/ros_urdf/launch/display.launch.py
-- Installing: /home/ms/ros_urdf/install/ros_urdf/share/ros_urdf/urdf
-- Installing: /home/ms/ros_urdf/install/ros_urdf/share/ros_urdf/urdf/robot_core copy.xacro
-- Installing: /home/ms/ros_urdf/install/ros_urdf/share/ros_urdf/urdf/robot_core.xacro
-- Execute custom install script
-- Symlinking: /home/ms/ros_urdf/install/ros_urdf/share/ament_index/resource_index/package_run_dependencies/ros_urdf
-- Symlinking: /home/ms/ros_urdf/install/ros_urdf/share/ament_index/resource_index/parent_prefix_path/ros_urdf
-- Symlinking: /home/ms/ros_urdf/install/ros_urdf/share/ros_urdf/environment/ament_prefix_path.sh
-- Symlinking: /home/ms/ros_urdf/install/ros_urdf/share/ros_urdf/environment/ament_prefix_path.dsv
-- Symlinking: /home/ms/ros_urdf/install/ros_urdf/share/ros_urdf/environment/path.sh
-- Symlinking: /home/ms/ros_urdf/install/ros_urdf/share/ros_urdf/environment/path.dsv
-- Symlinking: /home/ms/ros_urdf/install/ros_urdf/share/ros_urdf/local_setup.bash
-- Symlinking: /home/ms/ros_urdf/install/ros_urdf/share/ros_urdf/local_setup.sh
-- Symlinking: /home/ms/ros_urdf/install/ros_urdf/share/ros_urdf/local_setup.zsh
-- Symlinking: /home/ms/ros_urdf/install/ros_urdf/share/ros_urdf/local_setup.dsv
-- Symlinking: /home/ms/ros_urdf/install/ros_urdf/share/ros_urdf/package.dsv
-- Symlinking: /home/ms/ros_urdf/install/ros_urdf/share/ament_index/resource_index/packages/ros_urdf
-- Symlinking: /home/ms/ros_urdf/install/ros_urdf/share/ros_urdf/cmake/ros_urdfConfig.cmake
-- Symlinking: /home/ms/ros_urdf/install/ros_urdf/share/ros_urdf/cmake/ros_urdfConfig-version.cmake
-- Symlinking: /home/ms/ros_urdf/install/ros_urdf/share/ros_urdf/package.xml
