[0.012s] Invoking command in '/home/ms/ros_urdf/build/ros_urdf': CMAKE_PREFIX_PATH=${CMAKE_PREFIX_PATH}:/opt/ros/humble /usr/local/bin/cmake /home/ms/ros_urdf/src/ros_urdf -DAMENT_CMAKE_SYMLINK_INSTALL=1 -DCMAKE_INSTALL_PREFIX=/home/ms/ros_urdf/install/ros_urdf
[0.059s] -- The C compiler identification is GNU 11.3.0
[0.096s] -- The CXX compiler identification is GNU 11.3.0
[0.103s] -- Detecting C compiler ABI info
[0.138s] -- Detecting C compiler ABI info - done
[0.147s] -- Check for working C compiler: /usr/bin/cc - skipped
[0.147s] -- Detecting C compile features
[0.147s] -- Detecting C compile features - done
[0.149s] -- Detecting CXX compiler ABI info
[0.192s] -- Detecting CXX compiler ABI info - done
[0.201s] -- Check for working CXX compiler: /usr/bin/c++ - skipped
[0.201s] -- Detecting CXX compile features
[0.201s] -- Detecting CXX compile features - done
[0.203s] -- Found ament_cmake: 1.3.4 (/opt/ros/humble/share/ament_cmake/cmake)
[0.445s] -- Found Python3: /usr/bin/python3.10 (found version "3.10.6") found components: Interpreter 
[0.494s] -- Override CMake install command with custom implementation using symlinks instead of copying resources
[0.512s] -- Found ament_lint_auto: 0.12.6 (/opt/ros/humble/share/ament_lint_auto/cmake)
[0.567s] -- Added test 'flake8' to check Python code syntax and style conventions
[0.567s] -- Added test 'lint_cmake' to check CMake code style
[0.568s] -- Added test 'pep257' to check Python code against some of the docstring style conventions in PEP 257
[0.569s] -- Added test 'xmllint' to check XML markup files
[0.570s] -- Configuring done (0.5s)
[0.571s] -- Generating done (0.0s)
[0.572s] -- Build files have been written to: /home/ms/ros_urdf/build/ros_urdf
[0.578s] Invoked command in '/home/ms/ros_urdf/build/ros_urdf' returned '0': CMAKE_PREFIX_PATH=${CMAKE_PREFIX_PATH}:/opt/ros/humble /usr/local/bin/cmake /home/ms/ros_urdf/src/ros_urdf -DAMENT_CMAKE_SYMLINK_INSTALL=1 -DCMAKE_INSTALL_PREFIX=/home/ms/ros_urdf/install/ros_urdf
[0.579s] Invoking command in '/home/ms/ros_urdf/build/ros_urdf': CMAKE_PREFIX_PATH=${CMAKE_PREFIX_PATH}:/opt/ros/humble /usr/local/bin/cmake --build /home/ms/ros_urdf/build/ros_urdf -- -j12 -l12
[0.607s] Invoked command in '/home/ms/ros_urdf/build/ros_urdf' returned '0': CMAKE_PREFIX_PATH=${CMAKE_PREFIX_PATH}:/opt/ros/humble /usr/local/bin/cmake --build /home/ms/ros_urdf/build/ros_urdf -- -j12 -l12
[0.656s] Invoking command in '/home/ms/ros_urdf/build/ros_urdf': CMAKE_PREFIX_PATH=${CMAKE_PREFIX_PATH}:/opt/ros/humble /usr/local/bin/cmake --install /home/ms/ros_urdf/build/ros_urdf
[0.674s] -- Install configuration: ""
[0.674s] -- Installing: /home/ms/ros_urdf/install/ros_urdf/share/ros_urdf/launch
[0.675s] -- Installing: /home/ms/ros_urdf/install/ros_urdf/share/ros_urdf/launch/display.launch.py
[0.675s] -- Installing: /home/ms/ros_urdf/install/ros_urdf/share/ros_urdf/urdf
[0.675s] -- Installing: /home/ms/ros_urdf/install/ros_urdf/share/ros_urdf/urdf/robot_core copy.xacro
[0.675s] -- Installing: /home/ms/ros_urdf/install/ros_urdf/share/ros_urdf/urdf/robot_core.xacro
[0.675s] -- Execute custom install script
[0.675s] -- Symlinking: /home/ms/ros_urdf/install/ros_urdf/share/ament_index/resource_index/package_run_dependencies/ros_urdf
[0.677s] -- Symlinking: /home/ms/ros_urdf/install/ros_urdf/share/ament_index/resource_index/parent_prefix_path/ros_urdf
[0.679s] -- Symlinking: /home/ms/ros_urdf/install/ros_urdf/share/ros_urdf/environment/ament_prefix_path.sh
[0.680s] -- Symlinking: /home/ms/ros_urdf/install/ros_urdf/share/ros_urdf/environment/ament_prefix_path.dsv
[0.682s] -- Symlinking: /home/ms/ros_urdf/install/ros_urdf/share/ros_urdf/environment/path.sh
[0.683s] -- Symlinking: /home/ms/ros_urdf/install/ros_urdf/share/ros_urdf/environment/path.dsv
[0.685s] -- Symlinking: /home/ms/ros_urdf/install/ros_urdf/share/ros_urdf/local_setup.bash
[0.686s] -- Symlinking: /home/ms/ros_urdf/install/ros_urdf/share/ros_urdf/local_setup.sh
[0.688s] -- Symlinking: /home/ms/ros_urdf/install/ros_urdf/share/ros_urdf/local_setup.zsh
[0.689s] -- Symlinking: /home/ms/ros_urdf/install/ros_urdf/share/ros_urdf/local_setup.dsv
[0.691s] -- Symlinking: /home/ms/ros_urdf/install/ros_urdf/share/ros_urdf/package.dsv
[0.692s] -- Symlinking: /home/ms/ros_urdf/install/ros_urdf/share/ament_index/resource_index/packages/ros_urdf
[0.694s] -- Symlinking: /home/ms/ros_urdf/install/ros_urdf/share/ros_urdf/cmake/ros_urdfConfig.cmake
[0.696s] -- Symlinking: /home/ms/ros_urdf/install/ros_urdf/share/ros_urdf/cmake/ros_urdfConfig-version.cmake
[0.697s] -- Symlinking: /home/ms/ros_urdf/install/ros_urdf/share/ros_urdf/package.xml
[0.704s] Invoked command in '/home/ms/ros_urdf/build/ros_urdf' returned '0': CMAKE_PREFIX_PATH=${CMAKE_PREFIX_PATH}:/opt/ros/humble /usr/local/bin/cmake --install /home/ms/ros_urdf/build/ros_urdf
