[0.012s] Invoking command in '/home/ms/ros_urdf/build/ros_urdf': CMAKE_PREFIX_PATH=${CMAKE_PREFIX_PATH}:/opt/ros/humble /usr/local/bin/cmake /home/ms/ros_urdf/src/ros_urdf -DCMAKE_INSTALL_PREFIX=/home/ms/ros_urdf/install/ros_urdf
[0.035s] -- Found ament_cmake: 1.3.4 (/opt/ros/humble/share/ament_cmake/cmake)
[0.108s] -- Override CMake install command with custom implementation using symlinks instead of copying resources
[0.113s] -- Found ament_lint_auto: 0.12.6 (/opt/ros/humble/share/ament_lint_auto/cmake)
[0.163s] -- Added test 'flake8' to check Python code syntax and style conventions
[0.163s] -- Added test 'lint_cmake' to check CMake code style
[0.164s] -- Added test 'pep257' to check Python code against some of the docstring style conventions in PEP 257
[0.165s] -- Added test 'xmllint' to check XML markup files
[0.165s] -- Configuring done (0.1s)
[0.168s] -- Generating done (0.0s)
[0.169s] -- Build files have been written to: /home/ms/ros_urdf/build/ros_urdf
[0.174s] Invoked command in '/home/ms/ros_urdf/build/ros_urdf' returned '0': CMAKE_PREFIX_PATH=${CMAKE_PREFIX_PATH}:/opt/ros/humble /usr/local/bin/cmake /home/ms/ros_urdf/src/ros_urdf -DCMAKE_INSTALL_PREFIX=/home/ms/ros_urdf/install/ros_urdf
[0.175s] Invoking command in '/home/ms/ros_urdf/build/ros_urdf': CMAKE_PREFIX_PATH=${CMAKE_PREFIX_PATH}:/opt/ros/humble /usr/local/bin/cmake --build /home/ms/ros_urdf/build/ros_urdf -- -j12 -l12
[0.204s] Invoked command in '/home/ms/ros_urdf/build/ros_urdf' returned '0': CMAKE_PREFIX_PATH=${CMAKE_PREFIX_PATH}:/opt/ros/humble /usr/local/bin/cmake --build /home/ms/ros_urdf/build/ros_urdf -- -j12 -l12
[0.254s] Invoking command in '/home/ms/ros_urdf/build/ros_urdf': CMAKE_PREFIX_PATH=${CMAKE_PREFIX_PATH}:/opt/ros/humble /usr/local/bin/cmake --install /home/ms/ros_urdf/build/ros_urdf
[0.272s] -- Install configuration: ""
[0.272s] -- Up-to-date: /home/ms/ros_urdf/install/ros_urdf/share/ros_urdf/launch
[0.272s] -- Up-to-date: /home/ms/ros_urdf/install/ros_urdf/share/ros_urdf/launch/display.launch.py
[0.272s] -- Up-to-date: /home/ms/ros_urdf/install/ros_urdf/share/ros_urdf/urdf
[0.272s] -- Installing: /home/ms/ros_urdf/install/ros_urdf/share/ros_urdf/urdf/robot_core copy.xacro
[0.272s] -- Installing: /home/ms/ros_urdf/install/ros_urdf/share/ros_urdf/urdf/inertial_macros.xacro
[0.272s] -- Installing: /home/ms/ros_urdf/install/ros_urdf/share/ros_urdf/urdf/robot_core.xacro
[0.273s] -- Execute custom install script
[0.273s] -- Up-to-date symlink: /home/ms/ros_urdf/install/ros_urdf/share/ament_index/resource_index/package_run_dependencies/ros_urdf
[0.273s] -- Up-to-date symlink: /home/ms/ros_urdf/install/ros_urdf/share/ament_index/resource_index/parent_prefix_path/ros_urdf
[0.273s] -- Up-to-date symlink: /home/ms/ros_urdf/install/ros_urdf/share/ros_urdf/environment/ament_prefix_path.sh
[0.273s] -- Up-to-date symlink: /home/ms/ros_urdf/install/ros_urdf/share/ros_urdf/environment/ament_prefix_path.dsv
[0.273s] -- Up-to-date symlink: /home/ms/ros_urdf/install/ros_urdf/share/ros_urdf/environment/path.sh
[0.273s] -- Up-to-date symlink: /home/ms/ros_urdf/install/ros_urdf/share/ros_urdf/environment/path.dsv
[0.273s] -- Up-to-date symlink: /home/ms/ros_urdf/install/ros_urdf/share/ros_urdf/local_setup.bash
[0.273s] -- Up-to-date symlink: /home/ms/ros_urdf/install/ros_urdf/share/ros_urdf/local_setup.sh
[0.274s] -- Up-to-date symlink: /home/ms/ros_urdf/install/ros_urdf/share/ros_urdf/local_setup.zsh
[0.274s] -- Up-to-date symlink: /home/ms/ros_urdf/install/ros_urdf/share/ros_urdf/local_setup.dsv
[0.274s] -- Symlinking: /home/ms/ros_urdf/install/ros_urdf/share/ros_urdf/package.dsv
[0.275s] -- Up-to-date symlink: /home/ms/ros_urdf/install/ros_urdf/share/ament_index/resource_index/packages/ros_urdf
[0.276s] -- Up-to-date symlink: /home/ms/ros_urdf/install/ros_urdf/share/ros_urdf/cmake/ros_urdfConfig.cmake
[0.276s] -- Up-to-date symlink: /home/ms/ros_urdf/install/ros_urdf/share/ros_urdf/cmake/ros_urdfConfig-version.cmake
[0.276s] -- Up-to-date symlink: /home/ms/ros_urdf/install/ros_urdf/share/ros_urdf/package.xml
[0.280s] Invoked command in '/home/ms/ros_urdf/build/ros_urdf' returned '0': CMAKE_PREFIX_PATH=${CMAKE_PREFIX_PATH}:/opt/ros/humble /usr/local/bin/cmake --install /home/ms/ros_urdf/build/ros_urdf
