-- Found ament_cmake: 1.3.4 (/opt/ros/humble/share/ament_cmake/cmake)
-- Override CMake install command with custom implementation using symlinks instead of copying resources
-- Found ament_lint_auto: 0.12.6 (/opt/ros/humble/share/ament_lint_auto/cmake)
-- Added test 'flake8' to check Python code syntax and style conventions
-- Added test 'lint_cmake' to check CMake code style
-- Added test 'pep257' to check Python code against some of the docstring style conventions in PEP 257
-- Added test 'xmllint' to check XML markup files
-- Configuring done (0.1s)
-- Generating done (0.0s)
-- Build files have been written to: /home/ms/ros_urdf/build/ros_urdf
-- Install configuration: ""
-- Up-to-date: /home/ms/ros_urdf/install/ros_urdf/share/ros_urdf/launch
-- Up-to-date: /home/ms/ros_urdf/install/ros_urdf/share/ros_urdf/launch/display.launch.py
-- Up-to-date: /home/ms/ros_urdf/install/ros_urdf/share/ros_urdf/urdf
-- Up-to-date: /home/ms/ros_urdf/install/ros_urdf/share/ros_urdf/urdf/robot.urdf.xacro
-- Installing: /home/ms/ros_urdf/install/ros_urdf/share/ros_urdf/urdf/robot_core2.xacro
-- Up-to-date: /home/ms/ros_urdf/install/ros_urdf/share/ros_urdf/urdf/robot_core copy.xacro
-- Up-to-date: /home/ms/ros_urdf/install/ros_urdf/share/ros_urdf/urdf/inertial_macros.xacro
-- Installing: /home/ms/ros_urdf/install/ros_urdf/share/ros_urdf/urdf/robot_core.xacro
-- Execute custom install script
-- Up-to-date symlink: /home/ms/ros_urdf/install/ros_urdf/share/ament_index/resource_index/package_run_dependencies/ros_urdf
-- Up-to-date symlink: /home/ms/ros_urdf/install/ros_urdf/share/ament_index/resource_index/parent_prefix_path/ros_urdf
-- Up-to-date symlink: /home/ms/ros_urdf/install/ros_urdf/share/ros_urdf/environment/ament_prefix_path.sh
-- Up-to-date symlink: /home/ms/ros_urdf/install/ros_urdf/share/ros_urdf/environment/ament_prefix_path.dsv
-- Up-to-date symlink: /home/ms/ros_urdf/install/ros_urdf/share/ros_urdf/environment/path.sh
-- Up-to-date symlink: /home/ms/ros_urdf/install/ros_urdf/share/ros_urdf/environment/path.dsv
-- Up-to-date symlink: /home/ms/ros_urdf/install/ros_urdf/share/ros_urdf/local_setup.bash
-- Up-to-date symlink: /home/ms/ros_urdf/install/ros_urdf/share/ros_urdf/local_setup.sh
-- Up-to-date symlink: /home/ms/ros_urdf/install/ros_urdf/share/ros_urdf/local_setup.zsh
-- Up-to-date symlink: /home/ms/ros_urdf/install/ros_urdf/share/ros_urdf/local_setup.dsv
-- Symlinking: /home/ms/ros_urdf/install/ros_urdf/share/ros_urdf/package.dsv
-- Up-to-date symlink: /home/ms/ros_urdf/install/ros_urdf/share/ament_index/resource_index/packages/ros_urdf
-- Up-to-date symlink: /home/ms/ros_urdf/install/ros_urdf/share/ros_urdf/cmake/ros_urdfConfig.cmake
-- Up-to-date symlink: /home/ms/ros_urdf/install/ros_urdf/share/ros_urdf/cmake/ros_urdfConfig-version.cmake
-- Up-to-date symlink: /home/ms/ros_urdf/install/ros_urdf/share/ros_urdf/package.xml
